<?xml version="1.0" encoding="UTF-8"?>
<!-- Generated by org.testng.reporters.JUnitXMLReporter -->
<testsuite ignored="0" hostname="DESKTOP-VEA26TF" failures="0" tests="4" name="Test" time="16.925" errors="0" timestamp="2021-01-18T17:55:06 IST">
  <testcase classname="util.Google" name="gog" time="4.023"/>
  <testcase classname="util.GetLogin" name="test1" time="3.637"/>
  <testcase classname="util.GetLogin" name="post" time="4.392"/>
  <testcase classname="util.GetLogin" name="out" time="0.37"/>
</testsuite> <!-- Test -->
