<?xml version="1.0" encoding="UTF-8"?>
<testng-results ignored="0" total="3" passed="3" failed="0" skipped="0">
  <reporter-output>
  </reporter-output>
  <suite started-at="2021-01-19T11:15:13 IST" name="Default suite" finished-at="2021-01-19T11:15:31 IST" duration-ms="17609">
    <groups>
    </groups>
    <test started-at="2021-01-19T11:15:13 IST" name="Default test" finished-at="2021-01-19T11:15:31 IST" duration-ms="17609">
      <class name="util.GetLogin">
        <test-method is-config="true" signature="setupTest()[pri:0, instance:util.GetLogin@f5acb9d]" started-at="2021-01-19T11:15:13 IST" name="setupTest" finished-at="2021-01-19T11:15:18 IST" duration-ms="4087" status="PASS">
          <reporter-output>
          </reporter-output>
        </test-method> <!-- setupTest -->
        <test-method signature="login(java.lang.String, java.lang.String)[pri:1, instance:util.GetLogin@f5acb9d]" started-at="2021-01-19T11:15:18 IST" name="login" data-provider="test1data" finished-at="2021-01-19T11:15:21 IST" duration-ms="3469" status="PASS">
          <params>
            <param index="0">
              <value>
                <![CDATA[mahajanmayank17@yahoo.com]]>
              </value>
            </param>
            <param index="1">
              <value>
                <![CDATA[Qwerty@123]]>
              </value>
            </param>
          </params>
          <reporter-output>
          </reporter-output>
        </test-method> <!-- login -->
        <test-method signature="post()[pri:2, instance:util.GetLogin@f5acb9d]" started-at="2021-01-19T11:15:21 IST" name="post" finished-at="2021-01-19T11:15:29 IST" duration-ms="7357" status="PASS">
          <reporter-output>
          </reporter-output>
        </test-method> <!-- post -->
        <test-method signature="out()[pri:3, instance:util.GetLogin@f5acb9d]" started-at="2021-01-19T11:15:29 IST" name="out" finished-at="2021-01-19T11:15:31 IST" depends-on-methods="util.GetLogin.post" duration-ms="2246" status="PASS">
          <reporter-output>
          </reporter-output>
        </test-method> <!-- out -->
      </class> <!-- util.GetLogin -->
    </test> <!-- Default test -->
  </suite> <!-- Default suite -->
</testng-results>
